Removed Pin From Net: NetName=+3.3V Pin=LD2-2
Removed Pin From Net: NetName=+3.3V Pin=LD3-2
Removed Pin From Net: NetName=+3.3V Pin=LD5-2
Removed Pin From Net: NetName=+3.3V Pin=LD6-2
Removed Pin From Net: NetName=+3.3V Pin=LD7-2
Removed Pin From Net: NetName=+3.3V Pin=LD8-2
Removed Pin From Net: NetName=+3.3V Pin=LD9-2
Removed Pin From Net: NetName=+3.3V Pin=LD10-2
Removed Pin From Net: NetName=+3.3V Pin=LD11-2
Removed Pin From Net: NetName=+3.3V Pin=LD12-2
Removed Pin From Net: NetName=GND Pin=R8-1
Removed Pin From Net: NetName=GND Pin=R9-1
Removed Pin From Net: NetName=GND Pin=R10-1
Removed Pin From Net: NetName=GND Pin=R13-1
Removed Pin From Net: NetName=GND Pin=R15-1
Removed Pin From Net: NetName=GND Pin=R18-1
Removed Pin From Net: NetName=GND Pin=R19-1
Removed Pin From Net: NetName=GND Pin=R20-1
Removed Pin From Net: NetName=GND Pin=R21-1
Removed Pin From Net: NetName=GND Pin=R22-1
Removed Member From Class: ClassName=Rov_Kumanda_v2 Member=LD2
Removed Member From Class: ClassName=Rov_Kumanda_v2 Member=LD3
Removed Member From Class: ClassName=Rov_Kumanda_v2 Member=LD5
Removed Member From Class: ClassName=Rov_Kumanda_v2 Member=LD6
Removed Member From Class: ClassName=Rov_Kumanda_v2 Member=LD7
Removed Member From Class: ClassName=Rov_Kumanda_v2 Member=LD8
Removed Member From Class: ClassName=Rov_Kumanda_v2 Member=LD9
Removed Member From Class: ClassName=Rov_Kumanda_v2 Member=LD10
Removed Member From Class: ClassName=Rov_Kumanda_v2 Member=LD11
Removed Member From Class: ClassName=Rov_Kumanda_v2 Member=LD12
Removed Member From Class: ClassName=Rov_Kumanda_v2 Member=R8
Removed Member From Class: ClassName=Rov_Kumanda_v2 Member=R9
Removed Member From Class: ClassName=Rov_Kumanda_v2 Member=R10
Removed Member From Class: ClassName=Rov_Kumanda_v2 Member=R13
Removed Member From Class: ClassName=Rov_Kumanda_v2 Member=R15
Removed Member From Class: ClassName=Rov_Kumanda_v2 Member=R18
Removed Member From Class: ClassName=Rov_Kumanda_v2 Member=R19
Removed Member From Class: ClassName=Rov_Kumanda_v2 Member=R20
Removed Member From Class: ClassName=Rov_Kumanda_v2 Member=R21
Removed Member From Class: ClassName=Rov_Kumanda_v2 Member=R22
Added Room: Name=Rov_Kumanda_v2
