Change Component Designator: Old Designator=B? New Designator=B1
Change Component Designator: Old Designator=B? New Designator=B2
Change Component Designator: Old Designator=C? New Designator=C1
Change Component Designator: Old Designator=C? New Designator=C2
Change Component Designator: Old Designator=C? New Designator=C3
Change Component Designator: Old Designator=C? New Designator=C4
Change Component Designator: Old Designator=D? New Designator=D1
Change Component Designator: Old Designator=D? New Designator=D2
Change Component Designator: Old Designator=H? New Designator=H1
Change Component Designator: Old Designator=J? New Designator=J1
Change Component Designator: Old Designator=JS? New Designator=JS1
Change Component Designator: Old Designator=JS? New Designator=JS2
Change Component Designator: Old Designator=LD? New Designator=LD1
Change Component Designator: Old Designator=LD? New Designator=LD2
Change Component Designator: Old Designator=LD? New Designator=LD3
Change Component Designator: Old Designator=LD? New Designator=LD4
Change Component Designator: Old Designator=LD? New Designator=LD5
Change Component Designator: Old Designator=LD? New Designator=LD6
Change Component Designator: Old Designator=LD? New Designator=LD7
Change Component Designator: Old Designator=LD? New Designator=LD8
Change Component Designator: Old Designator=LD? New Designator=LD9
Change Component Designator: Old Designator=LD? New Designator=LD10
Change Component Designator: Old Designator=LD? New Designator=LD11
Change Component Designator: Old Designator=LD? New Designator=LD12
Change Component Designator: Old Designator=R? New Designator=R1
Change Component Designator: Old Designator=R? New Designator=R2
Change Component Designator: Old Designator=R? New Designator=R3
Change Component Designator: Old Designator=R? New Designator=R4
Change Component Designator: Old Designator=R? New Designator=R5
Change Component Designator: Old Designator=R? New Designator=R6
Change Component Designator: Old Designator=R? New Designator=R7
Change Component Designator: Old Designator=R? New Designator=R8
Change Component Designator: Old Designator=R? New Designator=R9
Change Component Designator: Old Designator=R? New Designator=R10
Change Component Designator: Old Designator=R? New Designator=R11
Change Component Designator: Old Designator=R? New Designator=R12
Change Component Designator: Old Designator=R? New Designator=R13
Change Component Designator: Old Designator=R? New Designator=R14
Change Component Designator: Old Designator=R? New Designator=R15
Change Component Designator: Old Designator=R? New Designator=R16
Change Component Designator: Old Designator=R? New Designator=R17
Change Component Designator: Old Designator=R? New Designator=R18
Change Component Designator: Old Designator=R? New Designator=R19
Change Component Designator: Old Designator=R? New Designator=R20
Change Component Designator: Old Designator=R? New Designator=R21
Change Component Designator: Old Designator=R? New Designator=R22
Change Component Designator: Old Designator=SCR? New Designator=SCR1
Change Component Designator: Old Designator=SS? New Designator=SS1
Change Component Designator: Old Designator=SS? New Designator=SS2
Change Component Designator: Old Designator=SS? New Designator=SS3
Change Component Designator: Old Designator=SS? New Designator=SS4
Change Component Designator: Old Designator=TGS? New Designator=TGS1
Change Component Designator: Old Designator=TGS? New Designator=TGS2
Change Component Designator: Old Designator=TGS? New Designator=TGS3
Change Component Designator: Old Designator=TGS? New Designator=TGS4
Change Component Designator: Old Designator=TGS? New Designator=TGS5
Change Component Designator: Old Designator=TGS? New Designator=TGS6
Change Component Designator: Old Designator=U? New Designator=U1
Change Component Designator: Old Designator=U? New Designator=U2
Change Component Designator: Old Designator=U? New Designator=U3
